<?xml version="1.0" encoding="UTF-8"?>
<!-- Generated by org.testng.reporters.JUnitReportReporter -->
<testsuite skipped="0" hostname="LAPTOP-0SQGBIHP" name="org.myname.classA" tests="3" failures="0" timestamp="29 May 2023 05:21:53 GMT" time="26.674" errors="0">
  <testcase name="tc_13" time="8.338" classname="org.myname.classA"/>
  <testcase name="tc_5" time="8.435" classname="org.myname.classA"/>
  <testcase name="tc_2" time="9.901" classname="org.myname.classA"/>
</testsuite> <!-- org.myname.classA -->
