<?xml version="1.0" encoding="UTF-8"?>
<!-- Generated by org.testng.reporters.JUnitReportReporter -->
<testsuite skipped="0" hostname="LAPTOP-0SQGBIHP" name="org.ngtest.HSAssert" tests="3" failures="0" timestamp="01 Jun 2023 05:34:33 GMT" time="0.004" errors="0">
  <testcase name="tc_03" time="0.001" classname="org.ngtest.HSAssert"/>
  <testcase name="tc_02" time="0.000" classname="org.ngtest.HSAssert"/>
  <testcase name="tc_01" time="0.003" classname="org.ngtest.HSAssert"/>
</testsuite> <!-- org.ngtest.HSAssert -->
