<?xml version="1.0" encoding="UTF-8"?>
<!-- Generated by org.testng.reporters.JUnitReportReporter -->
<testsuite skipped="0" hostname="LAPTOP-0SQGBIHP" name="org.ngtest.Dataprovi" tests="5" failures="0" timestamp="31 May 2023 08:13:29 GMT" time="30.025" errors="0">
  <testcase name="logpage" time="6.686" classname="org.ngtest.Dataprovi"/>
  <testcase name="logpage" time="5.939" classname="org.ngtest.Dataprovi"/>
  <testcase name="logpage" time="5.507" classname="org.ngtest.Dataprovi"/>
  <testcase name="logpage" time="5.117" classname="org.ngtest.Dataprovi"/>
  <testcase name="logpage" time="6.776" classname="org.ngtest.Dataprovi"/>
</testsuite> <!-- org.ngtest.Dataprovi -->
