<?xml version="1.0" encoding="UTF-8"?>
<!-- Generated by org.testng.reporters.JUnitReportReporter -->
<testsuite skipped="0" hostname="LAPTOP-0SQGBIHP" name="org.ngtest.Indicesclass" tests="3" failures="0" timestamp="31 May 2023 08:18:03 GMT" time="18.306" errors="0">
  <testcase name="logpage" time="9.030" classname="org.ngtest.Indicesclass"/>
  <testcase name="logpage" time="3.626" classname="org.ngtest.Indicesclass"/>
  <testcase name="logpage" time="5.650" classname="org.ngtest.Indicesclass"/>
</testsuite> <!-- org.ngtest.Indicesclass -->
