<?xml version="1.0" encoding="UTF-8"?>
<!-- Generated by org.testng.reporters.JUnitReportReporter -->
<testsuite skipped="0" hostname="LAPTOP-0SQGBIHP" name="org.ngtest.ClassGrou" tests="5" failures="0" timestamp="01 Jun 2023 07:48:21 GMT" time="0.047" errors="0">
  <testcase name="tc_5" time="0.000" classname="org.ngtest.ClassGrou"/>
  <testcase name="tc_4" time="0.016" classname="org.ngtest.ClassGrou"/>
  <testcase name="tc_3" time="0.016" classname="org.ngtest.ClassGrou"/>
  <testcase name="tc_1" time="0.015" classname="org.ngtest.ClassGrou"/>
  <testcase name="tc_2" time="0.000" classname="org.ngtest.ClassGrou"/>
</testsuite> <!-- org.ngtest.ClassGrou -->
