<?xml version="1.0" encoding="UTF-8"?>
<!-- Generated by org.testng.reporters.JUnitReportReporter -->
<testsuite skipped="0" hostname="LAPTOP-0SQGBIHP" name="org.ngtest.Classparameter" tests="1" failures="0" timestamp="31 May 2023 09:50:55 GMT" time="5.286" errors="0">
  <testcase name="logpage" time="5.286" classname="org.ngtest.Classparameter"/>
</testsuite> <!-- org.ngtest.Classparameter -->
