<?xml version="1.0" encoding="UTF-8"?>
<!-- Generated by org.testng.reporters.JUnitReportReporter -->
<testsuite skipped="0" hostname="LAPTOP-0SQGBIHP" name="org.ngtest.Optionalpara" tests="1" failures="0" timestamp="31 May 2023 08:35:37 GMT" time="6.401" errors="0">
  <testcase name="logpage" time="6.401" classname="org.ngtest.Optionalpara"/>
</testsuite> <!-- org.ngtest.Optionalpara -->
