<?xml version="1.0" encoding="UTF-8"?>
<!-- Generated by org.testng.reporters.JUnitReportReporter -->
<testsuite skipped="0" hostname="LAPTOP-0SQGBIHP" name="org.ngtest.Sampl" tests="3" failures="0" timestamp="01 Jun 2023 07:48:21 GMT" time="0.000" errors="0">
  <testcase name="tc_8" time="0.000" classname="org.ngtest.Sampl"/>
  <testcase name="tc_7" time="0.000" classname="org.ngtest.Sampl"/>
  <testcase name="tc_6" time="0.000" classname="org.ngtest.Sampl"/>
</testsuite> <!-- org.ngtest.Sampl -->
