<?xml version="1.0" encoding="UTF-8"?>
<!-- Generated by org.testng.reporters.JUnitReportReporter -->
<testsuite skipped="0" hostname="LAPTOP-0SQGBIHP" name="org.myname.Hello" tests="1" failures="0" timestamp="28 May 2023 03:07:45 GMT" time="0.017" errors="0">
  <testcase name="tc_9" time="0.017" classname="org.myname.Hello"/>
</testsuite> <!-- org.myname.Hello -->
