<?xml version="1.0" encoding="UTF-8"?>
<!-- Generated by org.testng.reporters.JUnitReportReporter -->
<testsuite skipped="0" hostname="LAPTOP-0SQGBIHP" name="org.ngtest.CrosBrow" tests="2" failures="0" timestamp="01 Jun 2023 05:13:59 GMT" time="32.022" errors="0">
  <testcase name="login" time="24.057" classname="org.ngtest.CrosBrow"/>
  <testcase name="login" time="7.965" classname="org.ngtest.CrosBrow"/>
</testsuite> <!-- org.ngtest.CrosBrow -->
